c:\users\sbons\documents\github\projectevgi\entorn vgi-mfc-vs2019 - gl3.3+\entornvgi\debug\entornvgi.pch
c:\users\sbons\documents\github\projectevgi\entorn vgi-mfc-vs2019 - gl3.3+\entornvgi\debug\vc142.pdb
c:\users\sbons\documents\github\projectevgi\entorn vgi-mfc-vs2019 - gl3.3+\entornvgi\debug\stdafx.obj
c:\users\sbons\documents\github\projectevgi\entorn vgi-mfc-vs2019 - gl3.3+\entornvgi\debug\obj3ds.obj
c:\users\sbons\documents\github\projectevgi\entorn vgi-mfc-vs2019 - gl3.3+\entornvgi\debug\fileview.obj
c:\users\sbons\documents\github\projectevgi\entorn vgi-mfc-vs2019 - gl3.3+\entornvgi\debug\propertieswnd.obj
c:\users\sbons\documents\github\projectevgi\entorn vgi-mfc-vs2019 - gl3.3+\entornvgi\debug\entornvgi.obj
c:\users\sbons\documents\github\projectevgi\entorn vgi-mfc-vs2019 - gl3.3+\entornvgi\debug\load3ds.obj
c:\users\sbons\documents\github\projectevgi\entorn vgi-mfc-vs2019 - gl3.3+\entornvgi\debug\material.obj
c:\users\sbons\documents\github\projectevgi\entorn vgi-mfc-vs2019 - gl3.3+\entornvgi\debug\outputwnd.obj
c:\users\sbons\documents\github\projectevgi\entorn vgi-mfc-vs2019 - gl3.3+\entornvgi\debug\mainfrm.obj
c:\users\sbons\documents\github\projectevgi\entorn vgi-mfc-vs2019 - gl3.3+\entornvgi\debug\visualitzacio.obj
c:\users\sbons\documents\github\projectevgi\entorn vgi-mfc-vs2019 - gl3.3+\entornvgi\debug\escena.obj
c:\users\sbons\documents\github\projectevgi\entorn vgi-mfc-vs2019 - gl3.3+\entornvgi\debug\childfrm.obj
c:\users\sbons\documents\github\projectevgi\entorn vgi-mfc-vs2019 - gl3.3+\entornvgi\debug\objloader.obj
c:\users\sbons\documents\github\projectevgi\entorn vgi-mfc-vs2019 - gl3.3+\entornvgi\debug\glut_geometry.obj
c:\users\sbons\documents\github\projectevgi\entorn vgi-mfc-vs2019 - gl3.3+\entornvgi\debug\classview.obj
c:\users\sbons\documents\github\projectevgi\entorn vgi-mfc-vs2019 - gl3.3+\entornvgi\debug\viewtree.obj
c:\users\sbons\documents\github\projectevgi\entorn vgi-mfc-vs2019 - gl3.3+\entornvgi\debug\entornvgidoc.obj
c:\users\sbons\documents\github\projectevgi\entorn vgi-mfc-vs2019 - gl3.3+\entornvgi\debug\shader.obj
c:\users\sbons\documents\github\projectevgi\entorn vgi-mfc-vs2019 - gl3.3+\entornvgi\debug\entornvgi.tlog\cl.command.1.tlog
c:\users\sbons\documents\github\projectevgi\entorn vgi-mfc-vs2019 - gl3.3+\entornvgi\debug\entornvgi.tlog\cl.read.1.tlog
c:\users\sbons\documents\github\projectevgi\entorn vgi-mfc-vs2019 - gl3.3+\entornvgi\debug\entornvgi.tlog\cl.write.1.tlog
