  stdafx.cpp
  ChildFrm.cpp
  ClassView.cpp
  EntornVGI.cpp
  EntornVGIDoc.cpp
  EntornVGIView.cpp
  escena.cpp
  FileView.cpp
  glut_geometry.cpp
  Load3DS.cpp
  MainFrm.cpp
C:\Users\ricar.LAPTOP-D6I7L1KP\source\repos\Visualitzacio grafica\ProjecteVGI\Entorn VGI-MFC-VS2019 - GL3.3+\EntornVGI\Estructura-de-datos\Piece.h(112,20): warning C4018: '<': no coinciden signed/unsigned (compilando archivo de origen EntornVGIView.cpp)
C:\Users\ricar.LAPTOP-D6I7L1KP\source\repos\Visualitzacio grafica\ProjecteVGI\Entorn VGI-MFC-VS2019 - GL3.3+\EntornVGI\Estructura-de-datos\Piece.h(180,20): warning C4018: '<': no coinciden signed/unsigned (compilando archivo de origen EntornVGIView.cpp)
C:\Users\ricar.LAPTOP-D6I7L1KP\source\repos\Visualitzacio grafica\ProjecteVGI\Entorn VGI-MFC-VS2019 - GL3.3+\EntornVGI\Estructura-de-datos\Piece.h(198,20): warning C4018: '<': no coinciden signed/unsigned (compilando archivo de origen EntornVGIView.cpp)
C:\Users\ricar.LAPTOP-D6I7L1KP\source\repos\Visualitzacio grafica\ProjecteVGI\Entorn VGI-MFC-VS2019 - GL3.3+\EntornVGI\Estructura-de-datos\Piece.h(215,20): warning C4018: '<': no coinciden signed/unsigned (compilando archivo de origen EntornVGIView.cpp)
C:\Users\ricar.LAPTOP-D6I7L1KP\source\repos\Visualitzacio grafica\ProjecteVGI\Entorn VGI-MFC-VS2019 - GL3.3+\EntornVGI\Estructura-de-datos\Piece.h(232,20): warning C4018: '<': no coinciden signed/unsigned (compilando archivo de origen EntornVGIView.cpp)
C:\Users\ricar.LAPTOP-D6I7L1KP\source\repos\Visualitzacio grafica\ProjecteVGI\Entorn VGI-MFC-VS2019 - GL3.3+\EntornVGI\Estructura-de-datos\Piece.h(634,21): warning C4018: '<': no coinciden signed/unsigned (compilando archivo de origen EntornVGIView.cpp)
C:\Users\ricar.LAPTOP-D6I7L1KP\source\repos\Visualitzacio grafica\ProjecteVGI\Entorn VGI-MFC-VS2019 - GL3.3+\EntornVGI\Estructura-de-datos\Piece.h(657,21): warning C4018: '<': no coinciden signed/unsigned (compilando archivo de origen EntornVGIView.cpp)
C:\Users\ricar.LAPTOP-D6I7L1KP\source\repos\Visualitzacio grafica\ProjecteVGI\Entorn VGI-MFC-VS2019 - GL3.3+\EntornVGI\EntornVGIView.cpp(1113,30): warning C4018: '<': no coinciden signed/unsigned
C:\Users\ricar.LAPTOP-D6I7L1KP\source\repos\Visualitzacio grafica\ProjecteVGI\Entorn VGI-MFC-VS2019 - GL3.3+\EntornVGI\EntornVGIView.cpp(1115,31): warning C4018: '<': no coinciden signed/unsigned
C:\Users\ricar.LAPTOP-D6I7L1KP\source\repos\Visualitzacio grafica\ProjecteVGI\Entorn VGI-MFC-VS2019 - GL3.3+\EntornVGI\EntornVGIView.cpp(1117,32): warning C4018: '<': no coinciden signed/unsigned
C:\Users\ricar.LAPTOP-D6I7L1KP\source\repos\Visualitzacio grafica\ProjecteVGI\Entorn VGI-MFC-VS2019 - GL3.3+\EntornVGI\EntornVGIView.cpp(1167,20): warning C4018: '<': no coinciden signed/unsigned
  material.cpp
  Obj3DS.cpp
  objLoader.cpp
  OutputWnd.cpp
  PropertiesWnd.cpp
  shader.cpp
  ViewTree.cpp
  visualitzacio.cpp
soil.lib(SOIL.obj) : warning LNK4075: se omite '/EDITANDCONTINUE' debido a la especificación '/SAFESEH'
     Creando biblioteca C:\Users\ricar.LAPTOP-D6I7L1KP\source\repos\Visualitzacio grafica\ProjecteVGI\Entorn VGI-MFC-VS2019 - GL3.3+\Release\EntornVGI.lib y objeto C:\Users\ricar.LAPTOP-D6I7L1KP\source\repos\Visualitzacio grafica\ProjecteVGI\Entorn VGI-MFC-VS2019 - GL3.3+\Release\EntornVGI.exp
  EntornVGI.vcxproj -> C:\Users\ricar.LAPTOP-D6I7L1KP\source\repos\Visualitzacio grafica\ProjecteVGI\Entorn VGI-MFC-VS2019 - GL3.3+\Release\EntornVGI.exe
